Configuration file: /app/_config.yml
To use retry middleware with Faraday v2.0+, install `faraday-retry` gem
            Source: /app
       Destination: /app/_site
 Incremental build: disabled. Enable with --incremental
      Generating...
       Jekyll Feed: Generating feed for posts
                    done in 4.727 seconds.
 Auto-regeneration: enabled for '/app'
    Server address: http://127.0.0.1:4000
  Server running... press ctrl-c to stop.
      Regenerating: 1 file(s) changed at 2026-06-01 18:44:37
                    jekyll.log
       Jekyll Feed: Generating feed for posts
                    ...done in 4.678685698 seconds.

      Regenerating: 1 file(s) changed at 2026-06-01 18:44:42
                    jekyll.log
       Jekyll Feed: Generating feed for posts
                    ...done in 4.477972104 seconds.

      Regenerating: 1 file(s) changed at 2026-06-01 18:44:46
                    jekyll.log
       Jekyll Feed: Generating feed for posts
                    ...done in 4.722197013 seconds.

      Regenerating: 1 file(s) changed at 2026-06-01 18:44:51
                    jekyll.log
       Jekyll Feed: Generating feed for posts
                    ...done in 4.53025116 seconds.

      Regenerating: 1 file(s) changed at 2026-06-01 18:44:56
                    jekyll.log
       Jekyll Feed: Generating feed for posts
                    ...done in 4.471158341 seconds.

      Regenerating: 1 file(s) changed at 2026-06-01 18:45:00
                    jekyll.log
       Jekyll Feed: Generating feed for posts
                    ...done in 4.484457231 seconds.

      Regenerating: 1 file(s) changed at 2026-06-01 18:45:05
                    jekyll.log
       Jekyll Feed: Generating feed for posts
                    ...done in 4.463025825 seconds.

      Regenerating: 1 file(s) changed at 2026-06-01 18:45:09
                    jekyll.log
       Jekyll Feed: Generating feed for posts
                    ...done in 4.555923427 seconds.

      Regenerating: 1 file(s) changed at 2026-06-01 18:45:14
                    jekyll.log
       Jekyll Feed: Generating feed for posts
                    ...done in 6.038573943 seconds.

      Regenerating: 1 file(s) changed at 2026-06-01 18:45:20
                    jekyll.log
       Jekyll Feed: Generating feed for posts
                    ...done in 4.472810885 seconds.

      Regenerating: 1 file(s) changed at 2026-06-01 18:45:25
                    jekyll.log
       Jekyll Feed: Generating feed for posts
                    ...done in 6.067311945 seconds.

      Regenerating: 1 file(s) changed at 2026-06-01 18:45:31
                    jekyll.log
       Jekyll Feed: Generating feed for posts
                    ...done in 4.662356599 seconds.

      Regenerating: 1 file(s) changed at 2026-06-01 18:45:36
                    jekyll.log
       Jekyll Feed: Generating feed for posts
                    ...done in 4.466730435 seconds.

      Regenerating: 1 file(s) changed at 2026-06-01 18:45:40
                    jekyll.log
       Jekyll Feed: Generating feed for posts
                    ...done in 4.745346241 seconds.

      Regenerating: 1 file(s) changed at 2026-06-01 18:45:45
                    jekyll.log
       Jekyll Feed: Generating feed for posts
                    ...done in 4.465686067 seconds.

      Regenerating: 1 file(s) changed at 2026-06-01 18:45:50
                    jekyll.log
       Jekyll Feed: Generating feed for posts
                    ...done in 4.629852383 seconds.

      Regenerating: 1 file(s) changed at 2026-06-01 18:45:54
                    jekyll.log
       Jekyll Feed: Generating feed for posts
                    ...done in 4.439344966 seconds.

      Regenerating: 1 file(s) changed at 2026-06-01 18:45:59
                    jekyll.log
       Jekyll Feed: Generating feed for posts
                    ...done in 4.519666976 seconds.

      Regenerating: 2 file(s) changed at 2026-06-01 18:46:03
                    jekyll.log
                    CHANGELOG.html
       Jekyll Feed: Generating feed for posts
                    ...done in 4.614011198 seconds.

      Regenerating: 1 file(s) changed at 2026-06-01 18:46:08
                    jekyll.log
       Jekyll Feed: Generating feed for posts
                    ...done in 4.555462931 seconds.

      Regenerating: 1 file(s) changed at 2026-06-01 18:46:13
                    jekyll.log
       Jekyll Feed: Generating feed for posts
                    ...done in 4.781351434 seconds.

      Regenerating: 1 file(s) changed at 2026-06-01 18:46:18
                    jekyll.log
       Jekyll Feed: Generating feed for posts
                    ...done in 4.553084314 seconds.

      Regenerating: 1 file(s) changed at 2026-06-01 18:46:22
                    jekyll.log
       Jekyll Feed: Generating feed for posts
                    ...done in 4.613362904 seconds.

      Regenerating: 1 file(s) changed at 2026-06-01 18:46:27
                    jekyll.log
       Jekyll Feed: Generating feed for posts
                    ...done in 5.353647107 seconds.

      Regenerating: 1 file(s) changed at 2026-06-01 18:46:33
                    jekyll.log
       Jekyll Feed: Generating feed for posts
                    ...done in 4.52809248 seconds.

      Regenerating: 1 file(s) changed at 2026-06-01 18:46:37
                    jekyll.log
       Jekyll Feed: Generating feed for posts
                    ...done in 4.813520244 seconds.

      Regenerating: 1 file(s) changed at 2026-06-01 18:46:42
                    jekyll.log
       Jekyll Feed: Generating feed for posts
                    ...done in 4.842362695 seconds.

      Regenerating: 1 file(s) changed at 2026-06-01 18:46:47
                    jekyll.log
       Jekyll Feed: Generating feed for posts
                    ...done in 4.591632266 seconds.

      Regenerating: 1 file(s) changed at 2026-06-01 18:46:52
                    jekyll.log
       Jekyll Feed: Generating feed for posts
                    ...done in 4.594446635 seconds.

      Regenerating: 1 file(s) changed at 2026-06-01 18:46:56
                    jekyll.log
       Jekyll Feed: Generating feed for posts
                    ...done in 4.58039918 seconds.

      Regenerating: 1 file(s) changed at 2026-06-01 18:47:01
                    jekyll.log
       Jekyll Feed: Generating feed for posts
                    ...done in 4.627789849 seconds.

      Regenerating: 1 file(s) changed at 2026-06-01 18:47:06
                    jekyll.log
       Jekyll Feed: Generating feed for posts
                    ...done in 4.570397086 seconds.

      Regenerating: 1 file(s) changed at 2026-06-01 18:47:11
                    jekyll.log
       Jekyll Feed: Generating feed for posts
                    ...done in 4.549488058 seconds.

      Regenerating: 1 file(s) changed at 2026-06-01 18:47:15
                    jekyll.log
       Jekyll Feed: Generating feed for posts
                    ...done in 6.075762002 seconds.

      Regenerating: 1 file(s) changed at 2026-06-01 18:47:21
                    jekyll.log
       Jekyll Feed: Generating feed for posts
                    ...done in 4.45772092 seconds.

      Regenerating: 1 file(s) changed at 2026-06-01 18:47:26
                    jekyll.log
       Jekyll Feed: Generating feed for posts
